AndroidStudioProjects/QuicaR/app/build/intermediates/manifest_merge_blame_file/debug/manifest-merger-blame-debug-report.txt
1<?xml version="1.0" encoding="utf-8"?>
2<manifest xmlns:android="http://schemas.android.com/apk/res/android"
3    package="com.example.quicar"
4    android:versionCode="1"
5    android:versionName="1.0" >
6
7    <uses-sdk
8        android:minSdkVersion="26"
8-->src/main/AndroidManifest.xml
9        android:targetSdkVersion="29" />
9-->src/main/AndroidManifest.xml
10
11    <uses-permission android:name="android.permission.INTERNET" />
11-->src/main/AndroidManifest.xml:4:5-83
11-->src/main/AndroidManifest.xml:4:22-64
12    <uses-permission android:name="android.permission.ACCESS_COARSE_LOCATION" />
12-->src/main/AndroidManifest.xml:5:5-97
12-->src/main/AndroidManifest.xml:5:22-78
13    <uses-permission android:name="android.permission.ACCESS_FINE_LOCATION" />
13-->src/main/AndroidManifest.xml:6:5-95
13-->src/main/AndroidManifest.xml:6:22-76
14    <uses-permission android:name="android.permission.CAMERA" />
14-->src/main/AndroidManifest.xml:8:5-65
14-->src/main/AndroidManifest.xml:8:22-62
15    <uses-permission android:name="android.permission.ACCESS_NETWORK_STATE" />
15-->src/main/AndroidManifest.xml:9:5-79
15-->src/main/AndroidManifest.xml:9:22-76
16    <uses-permission android:name="android.permission.ACCESS_WIFI_STATE" />
16-->[com.google.android.libraries.places:places:2.2.0] AndroidManifest.xml:10:5-76
16-->[com.google.android.libraries.places:places:2.2.0] AndroidManifest.xml:10:22-73
17
18    <uses-feature
18-->[com.google.android.gms:play-services-maps:17.0.0] AndroidManifest.xml:26:5-28:35
19        android:glEsVersion="0x00020000"
19-->[com.google.android.gms:play-services-maps:17.0.0] AndroidManifest.xml:27:9-41
20        android:required="true" />
20-->[com.google.android.gms:play-services-maps:17.0.0] AndroidManifest.xml:28:9-32
21
22    <uses-permission android:name="android.permission.WAKE_LOCK" /> <!-- Required by older versions of Google Play services to create IID tokens -->
22-->[com.google.android.gms:play-services-measurement-api:17.2.3] AndroidManifest.xml:24:5-68
22-->[com.google.android.gms:play-services-measurement-api:17.2.3] AndroidManifest.xml:24:22-65
23    <uses-permission android:name="com.google.android.c2dm.permission.RECEIVE" />
23-->[com.google.firebase:firebase-iid:20.1.1] AndroidManifest.xml:26:5-82
23-->[com.google.firebase:firebase-iid:20.1.1] AndroidManifest.xml:26:22-79
24    <uses-permission android:name="com.google.android.finsky.permission.BIND_GET_INSTALL_REFERRER_SERVICE" />
24-->[com.google.android.gms:play-services-measurement:17.2.3] AndroidManifest.xml:26:5-110
24-->[com.google.android.gms:play-services-measurement:17.2.3] AndroidManifest.xml:26:22-107
25
26    <application
26-->src/main/AndroidManifest.xml:12:5-126:19
27        android:name="com.example.quicar.MyApplication"
27-->src/main/AndroidManifest.xml:13:9-38
28        android:allowBackup="true"
28-->src/main/AndroidManifest.xml:14:9-35
29        android:appComponentFactory="androidx.core.app.CoreComponentFactory"
29-->[androidx.core:core:1.2.0] AndroidManifest.xml:24:18-86
30        android:debuggable="true"
31        android:icon="@mipmap/ic_launcher"
31-->src/main/AndroidManifest.xml:15:9-43
32        android:label="@string/app_name"
32-->src/main/AndroidManifest.xml:16:9-41
33        android:roundIcon="@mipmap/ic_launcher_round"
33-->src/main/AndroidManifest.xml:17:9-54
34        android:supportsRtl="true"
34-->src/main/AndroidManifest.xml:18:9-35
35        android:testOnly="true"
36        android:theme="@style/AppTheme" >
36-->src/main/AndroidManifest.xml:19:9-40
37        <uses-library
37-->src/main/AndroidManifest.xml:21:9-87
38            android:name="org.apache.http.legacy"
38-->src/main/AndroidManifest.xml:21:23-60
39            android:required="false" />
39-->src/main/AndroidManifest.xml:21:61-85
40        <uses-library android:name="com.google.android.maps" />
40-->src/main/AndroidManifest.xml:22:9-64
40-->src/main/AndroidManifest.xml:22:23-61
41
42        <meta-data
42-->src/main/AndroidManifest.xml:24:9-26:69
43            android:name="com.google.android.gms.version"
43-->src/main/AndroidManifest.xml:25:13-58
44            android:value="@integer/google_play_services_version" />
44-->src/main/AndroidManifest.xml:26:13-66
45        <meta-data
45-->src/main/AndroidManifest.xml:27:9-29:46
46            android:name="com.google.android.geo.API_KEY"
46-->src/main/AndroidManifest.xml:28:13-58
47            android:value="@string/map_key" />
47-->src/main/AndroidManifest.xml:29:13-44
48
49        <!--
50     Set custom default icon. This is used when no icon is set for incoming notification messages.
51     See README(https://goo.gl/l4GJaQ) for more.
52        -->
53        <meta-data
53-->src/main/AndroidManifest.xml:33:9-35:68
54            android:name="com.google.firebase.messaging.default_notification_icon"
54-->src/main/AndroidManifest.xml:34:13-83
55            android:resource="@drawable/ic_stat_ic_notification" />
55-->src/main/AndroidManifest.xml:35:13-65
56        <!--
57             Set color used with incoming notification messages. This is used when no color is set for the incoming
58             notification message. See README(https://goo.gl/6BKBk7) for more.
59        -->
60        <meta-data
60-->src/main/AndroidManifest.xml:38:9-40:53
61            android:name="com.google.firebase.messaging.default_notification_color"
61-->src/main/AndroidManifest.xml:39:13-84
62            android:resource="@color/colorAccent" />
62-->src/main/AndroidManifest.xml:40:13-50
63        <meta-data
63-->src/main/AndroidManifest.xml:41:9-43:71
64            android:name="com.google.firebase.messaging.default_notification_channel_id"
64-->src/main/AndroidManifest.xml:42:13-89
65            android:value="@string/default_notification_channel_id" />
65-->src/main/AndroidManifest.xml:43:13-68
66
67        <activity android:name="com.example.quicar.MainActivity" >
67-->src/main/AndroidManifest.xml:45:9-53:20
67-->src/main/AndroidManifest.xml:45:19-47
68
69            <!-- <activity android:name=".RiderReviewActivity"> -->
70
71            <intent-filter>
71-->src/main/AndroidManifest.xml:48:9-52:29
72                <action android:name="android.intent.action.MAIN" />
72-->src/main/AndroidManifest.xml:49:17-69
72-->src/main/AndroidManifest.xml:49:25-66
73                <action android:name="android.intent.action.VIEW" />
73-->src/main/AndroidManifest.xml:50:17-68
73-->src/main/AndroidManifest.xml:50:25-66
74
75                <category android:name="android.intent.category.LAUNCHER" />
75-->src/main/AndroidManifest.xml:51:17-77
75-->src/main/AndroidManifest.xml:51:27-74
76            </intent-filter>
77        </activity>
78        <activity
78-->src/main/AndroidManifest.xml:54:9-81
79            android:name="com.example.quicar.Register"
79-->src/main/AndroidManifest.xml:54:19-43
80            android:parentActivityName="com.example.quicar.Login" />
80-->src/main/AndroidManifest.xml:54:44-79
81        <activity android:name="com.example.quicar.Login" /> <!-- [START firebase_service] -->
81-->src/main/AndroidManifest.xml:55:9-42
81-->src/main/AndroidManifest.xml:55:19-40
82
83        <activity
83-->src/main/AndroidManifest.xml:57:9-59:20
84            android:name="com.example.quicar.UserProfileActivity"
84-->src/main/AndroidManifest.xml:57:19-54
85            android:parentActivityName="com.example.quicar.MainActivity" >
85-->src/main/AndroidManifest.xml:58:13-55
86        </activity>
87        <activity
87-->src/main/AndroidManifest.xml:61:9-63:20
88            android:name="com.example.quicar.UpdateAccountActivity"
88-->src/main/AndroidManifest.xml:61:19-56
89            android:parentActivityName="com.example.quicar.MainActivity" >
89-->src/main/AndroidManifest.xml:62:13-55
90        </activity>
91        <activity
91-->src/main/AndroidManifest.xml:65:9-68:20
92            android:name="com.example.quicar.RiderRequestActivity"
92-->src/main/AndroidManifest.xml:65:19-55
93            android:parentActivityName="com.example.quicar.Login"
93-->src/main/AndroidManifest.xml:66:13-48
94            android:theme="@style/AppTheme.NoActionBar" >
94-->src/main/AndroidManifest.xml:67:13-56
95        </activity>
96        <activity
96-->src/main/AndroidManifest.xml:69:9-70:65
97            android:name="com.example.quicar.RiderSelectLocationActivity"
97-->src/main/AndroidManifest.xml:69:19-62
98            android:parentActivityName="com.example.quicar.RiderRequestActivity" />
98-->src/main/AndroidManifest.xml:70:13-63
99        <activity
99-->src/main/AndroidManifest.xml:71:9-72:58
100            android:name="com.example.quicar.BaseActivity"
100-->src/main/AndroidManifest.xml:71:19-47
101            android:theme="@style/AppTheme.NoActionBar" />
101-->src/main/AndroidManifest.xml:72:13-56
102        <activity
102-->src/main/AndroidManifest.xml:74:9-76:72
103            android:name="com.example.quicar.RiderConfirmRiderActivity"
103-->src/main/AndroidManifest.xml:74:19-60
104            android:parentActivityName="com.example.quicar.RiderSelectLocationActivity"
104-->src/main/AndroidManifest.xml:76:13-70
105            android:theme="@style/AppTheme.NoActionBar" />
105-->src/main/AndroidManifest.xml:75:13-56
106        <activity
106-->src/main/AndroidManifest.xml:77:9-78:58
107            android:name="com.example.quicar.RiderWaitingRideActivity"
107-->src/main/AndroidManifest.xml:77:19-59
108            android:theme="@style/AppTheme.NoActionBar" />
108-->src/main/AndroidManifest.xml:78:13-56
109        <activity
109-->src/main/AndroidManifest.xml:79:9-80:58
110            android:name="com.example.quicar.DriverBrowsingActivity"
110-->src/main/AndroidManifest.xml:79:19-57
111            android:theme="@style/AppTheme.NoActionBar" />
111-->src/main/AndroidManifest.xml:80:13-56
112        <!-- wen kai > -->
113        <activity
113-->src/main/AndroidManifest.xml:82:9-103
114            android:name="com.example.quicar.HistoryActivity"
114-->src/main/AndroidManifest.xml:82:19-50
115            android:parentActivityName="com.example.quicar.RiderRequestActivity" />
115-->src/main/AndroidManifest.xml:82:51-101
116        <activity
116-->src/main/AndroidManifest.xml:83:9-118
117            android:name="com.example.quicar.SuggestionAndComplaintActivity"
117-->src/main/AndroidManifest.xml:83:19-65
118            android:parentActivityName="com.example.quicar.RiderRequestActivity" />
118-->src/main/AndroidManifest.xml:83:66-116
119        <activity
119-->src/main/AndroidManifest.xml:84:9-110
120            android:name="com.example.quicar.WalletOverviewActivity"
120-->src/main/AndroidManifest.xml:84:19-57
121            android:parentActivityName="com.example.quicar.RiderRequestActivity" />
121-->src/main/AndroidManifest.xml:84:58-108
122        <activity
122-->src/main/AndroidManifest.xml:85:9-109
123            android:name="com.example.quicar.ResetWalletActivity"
123-->src/main/AndroidManifest.xml:85:19-54
124            android:parentActivityName="com.example.quicar.WalletOverviewActivity" />
124-->src/main/AndroidManifest.xml:85:55-107
125        <activity
125-->src/main/AndroidManifest.xml:86:9-108
126            android:name="com.example.quicar.PayHistoryActivity"
126-->src/main/AndroidManifest.xml:86:19-53
127            android:parentActivityName="com.example.quicar.WalletOverviewActivity" />
127-->src/main/AndroidManifest.xml:86:54-106
128        <activity
128-->src/main/AndroidManifest.xml:87:9-110
129            android:name="com.example.quicar.ScanTransferActivity"
129-->src/main/AndroidManifest.xml:87:19-55
130            android:parentActivityName="com.example.quicar.WalletOverviewActivity" />
130-->src/main/AndroidManifest.xml:87:56-108
131        <activity
131-->src/main/AndroidManifest.xml:88:9-121
132            android:name="com.example.quicar.PayPasswordChangeEnterActivity"
132-->src/main/AndroidManifest.xml:88:19-65
133            android:parentActivityName="com.example.quicar.WalletOverviewActivity" />
133-->src/main/AndroidManifest.xml:88:66-118
134        <activity
134-->src/main/AndroidManifest.xml:89:9-102
135            android:name="com.example.quicar.WalletIntro"
135-->src/main/AndroidManifest.xml:89:19-46
136            android:parentActivityName="com.example.quicar.WalletOverviewActivity" />
136-->src/main/AndroidManifest.xml:89:47-99
137        <activity
137-->src/main/AndroidManifest.xml:90:9-107
138            android:name="com.example.quicar.RechargeActivity"
138-->src/main/AndroidManifest.xml:90:19-51
139            android:parentActivityName="com.example.quicar.WalletOverviewActivity" />
139-->src/main/AndroidManifest.xml:90:52-104
140        <activity
140-->src/main/AndroidManifest.xml:91:9-102
141            android:name="com.example.quicar.PayPasswordSetActivity"
141-->src/main/AndroidManifest.xml:91:19-57
142            android:parentActivityName="com.example.quicar.MainActivity" />
142-->src/main/AndroidManifest.xml:91:58-100
143        <activity
143-->src/main/AndroidManifest.xml:92:9-109
144            android:name="com.example.quicar.PayPasswordEnterActivity"
144-->src/main/AndroidManifest.xml:92:19-59
145            android:parentActivityName="com.example.quicar.SetAmountActivity" />
145-->src/main/AndroidManifest.xml:92:60-107
146        <activity android:name="com.example.quicar.QRPaymentActivity" />
146-->src/main/AndroidManifest.xml:93:9-55
146-->src/main/AndroidManifest.xml:93:19-52
147        <activity
147-->src/main/AndroidManifest.xml:94:9-108
148            android:name="com.example.quicar.ManageCardActivity"
148-->src/main/AndroidManifest.xml:94:19-53
149            android:parentActivityName="com.example.quicar.WalletOverviewActivity" />
149-->src/main/AndroidManifest.xml:94:54-106
150        <activity
150-->src/main/AndroidManifest.xml:95:9-106
151            android:name="com.example.quicar.ValidateCardActivity"
151-->src/main/AndroidManifest.xml:95:19-55
152            android:parentActivityName="com.example.quicar.ManageCardActivity" />
152-->src/main/AndroidManifest.xml:95:56-104
153        <activity
153-->src/main/AndroidManifest.xml:96:9-107
154            android:name="com.example.quicar.SetAmountActivity"
154-->src/main/AndroidManifest.xml:96:19-52
155            android:parentActivityName="com.example.quicar.WalletOverviewActivity" />
155-->src/main/AndroidManifest.xml:96:53-105
156        <activity
156-->src/main/AndroidManifest.xml:97:9-98
157            android:name="com.example.quicar.DriverScanActivity"
157-->src/main/AndroidManifest.xml:97:19-53
158            android:parentActivityName="com.example.quicar.MainActivity" />
158-->src/main/AndroidManifest.xml:97:54-96
159        <activity
159-->src/main/AndroidManifest.xml:98:9-102
160            android:name="com.example.quicar.RegisterDriverActivity"
160-->src/main/AndroidManifest.xml:98:19-57
161            android:parentActivityName="com.example.quicar.MainActivity" />
161-->src/main/AndroidManifest.xml:98:58-100
162        <activity
162-->src/main/AndroidManifest.xml:101:9-102:58
163            android:name="com.example.quicar.DriverPickUpActivity"
163-->src/main/AndroidManifest.xml:101:19-55
164            android:theme="@style/AppTheme.NoActionBar" />
164-->src/main/AndroidManifest.xml:102:13-56
165        <activity
165-->src/main/AndroidManifest.xml:103:9-104:58
166            android:name="com.example.quicar.RiderOnGoingRequestActivity"
166-->src/main/AndroidManifest.xml:103:19-62
167            android:theme="@style/AppTheme.NoActionBar" />
167-->src/main/AndroidManifest.xml:104:13-56
168        <activity
168-->src/main/AndroidManifest.xml:105:9-106:58
169            android:name="com.example.quicar.DriverOnGoingActivity"
169-->src/main/AndroidManifest.xml:105:19-56
170            android:theme="@style/AppTheme.NoActionBar" />
170-->src/main/AndroidManifest.xml:106:13-56
171        <activity
171-->src/main/AndroidManifest.xml:107:9-108:58
172            android:name="com.example.quicar.RiderMatchingActivity"
172-->src/main/AndroidManifest.xml:107:19-56
173            android:theme="@style/AppTheme.NoActionBar" />
173-->src/main/AndroidManifest.xml:108:13-56
174        <activity
174-->src/main/AndroidManifest.xml:109:9-110:58
175            android:name="com.example.quicar.RiderReviewActivity"
175-->src/main/AndroidManifest.xml:109:19-54
176            android:theme="@style/AppTheme.NoActionBar" />
176-->src/main/AndroidManifest.xml:110:13-56
177        <activity
177-->src/main/AndroidManifest.xml:111:9-112:52
178            android:name="com.example.quicar.RiderRatingPopWindow"
178-->src/main/AndroidManifest.xml:111:19-55
179            android:theme="@style/AppTheme.PopMe" />
179-->src/main/AndroidManifest.xml:112:13-50
180
181        <service
181-->src/main/AndroidManifest.xml:115:9-124:19
182            android:name="com.example.util.MyFirebaseMessagingService"
182-->src/main/AndroidManifest.xml:116:13-71
183            android:exported="false"
183-->src/main/AndroidManifest.xml:117:13-37
184            android:permission="com.google.android.c2dm.permission.SEND" >
184-->src/main/AndroidManifest.xml:118:13-73
185            <intent-filter>
185-->src/main/AndroidManifest.xml:119:13-123:29
186                <action android:name="com.google.firebase.INSTANCE_ID_EVENT" />
186-->src/main/AndroidManifest.xml:120:17-80
186-->src/main/AndroidManifest.xml:120:25-77
187                <action android:name="com.google.firebase.MESSAGING_EVENT" />
187-->src/main/AndroidManifest.xml:121:17-78
187-->src/main/AndroidManifest.xml:121:25-75
188                <action android:name="com.google.android.c2dm.intent.RECEIVE" />
188-->src/main/AndroidManifest.xml:122:17-81
188-->src/main/AndroidManifest.xml:122:25-78
189            </intent-filter>
190        </service>
191
192        <activity
192-->[com.google.android.libraries.places:places:2.2.0] AndroidManifest.xml:14:9-20:20
193            android:name="com.google.android.libraries.places.widget.AutocompleteActivity"
193-->[com.google.android.libraries.places:places:2.2.0] AndroidManifest.xml:15:13-91
194            android:exported="false"
194-->[com.google.android.libraries.places:places:2.2.0] AndroidManifest.xml:16:13-37
195            android:label="@string/places_autocomplete_label"
195-->[com.google.android.libraries.places:places:2.2.0] AndroidManifest.xml:17:13-62
196            android:theme="@style/PlacesAutocompleteOverlay"
196-->[com.google.android.libraries.places:places:2.2.0] AndroidManifest.xml:18:13-61
197            android:windowSoftInputMode="adjustResize" >
197-->[com.google.android.libraries.places:places:2.2.0] AndroidManifest.xml:19:13-55
198        </activity>
199        <activity
199-->[com.google.firebase:firebase-auth:19.2.0] AndroidManifest.xml:24:9-31:50
200            android:name="com.google.firebase.auth.internal.FederatedSignInActivity"
200-->[com.google.firebase:firebase-auth:19.2.0] AndroidManifest.xml:25:13-85
201            android:excludeFromRecents="true"
201-->[com.google.firebase:firebase-auth:19.2.0] AndroidManifest.xml:26:13-46
202            android:exported="true"
202-->[com.google.firebase:firebase-auth:19.2.0] AndroidManifest.xml:27:13-36
203            android:launchMode="singleTask"
203-->[com.google.firebase:firebase-auth:19.2.0] AndroidManifest.xml:28:13-44
204            android:permission="com.google.firebase.auth.api.gms.permission.LAUNCH_FEDERATED_SIGN_IN"
204-->[com.google.firebase:firebase-auth:19.2.0] AndroidManifest.xml:29:13-102
205            android:theme="@android:style/Theme.Translucent.NoTitleBar" />
205-->[com.google.firebase:firebase-auth:19.2.0] AndroidManifest.xml:30:13-72
206
207        <service
207-->[com.google.firebase:firebase-auth:19.2.0] AndroidManifest.xml:33:9-39:19
208            android:name="com.google.firebase.components.ComponentDiscoveryService"
208-->[com.google.firebase:firebase-auth:19.2.0] AndroidManifest.xml:34:13-84
209            android:directBootAware="true"
209-->[com.google.firebase:firebase-common:19.3.0] AndroidManifest.xml:34:13-43
210            android:exported="false" >
210-->[com.google.firebase:firebase-auth:19.2.0] AndroidManifest.xml:35:13-37
211            <meta-data
211-->[com.google.firebase:firebase-auth:19.2.0] AndroidManifest.xml:36:13-38:85
212                android:name="com.google.firebase.components:com.google.firebase.auth.FirebaseAuthRegistrar"
212-->[com.google.firebase:firebase-auth:19.2.0] AndroidManifest.xml:37:17-109
213                android:value="com.google.firebase.components.ComponentRegistrar" />
213-->[com.google.firebase:firebase-auth:19.2.0] AndroidManifest.xml:38:17-82
214            <meta-data
214-->[com.google.firebase:firebase-firestore:21.4.1] AndroidManifest.xml:20:13-22:85
215                android:name="com.google.firebase.components:com.google.firebase.firestore.FirestoreRegistrar"
215-->[com.google.firebase:firebase-firestore:21.4.1] AndroidManifest.xml:21:17-111
216                android:value="com.google.firebase.components.ComponentRegistrar" />
216-->[com.google.firebase:firebase-firestore:21.4.1] AndroidManifest.xml:22:17-82
217            <meta-data
217-->[com.google.firebase:firebase-database:19.2.1] AndroidManifest.xml:32:13-34:85
218                android:name="com.google.firebase.components:com.google.firebase.database.DatabaseRegistrar"
218-->[com.google.firebase:firebase-database:19.2.1] AndroidManifest.xml:33:17-109
219                android:value="com.google.firebase.components.ComponentRegistrar" />
219-->[com.google.firebase:firebase-database:19.2.1] AndroidManifest.xml:34:17-82
220            <meta-data
220-->[com.google.firebase:firebase-messaging:20.1.2] AndroidManifest.xml:38:13-40:85
221                android:name="com.google.firebase.components:com.google.firebase.messaging.FirebaseMessagingRegistrar"
221-->[com.google.firebase:firebase-messaging:20.1.2] AndroidManifest.xml:39:17-119
222                android:value="com.google.firebase.components.ComponentRegistrar" />
222-->[com.google.firebase:firebase-messaging:20.1.2] AndroidManifest.xml:40:17-82
223            <meta-data
223-->[com.google.android.gms:play-services-measurement-api:17.2.3] AndroidManifest.xml:30:13-32:85
224                android:name="com.google.firebase.components:com.google.firebase.analytics.connector.internal.AnalyticsConnectorRegistrar"
224-->[com.google.android.gms:play-services-measurement-api:17.2.3] AndroidManifest.xml:31:17-139
225                android:value="com.google.firebase.components.ComponentRegistrar" />
225-->[com.google.android.gms:play-services-measurement-api:17.2.3] AndroidManifest.xml:32:17-82
226            <meta-data
226-->[com.google.firebase:firebase-iid:20.1.1] AndroidManifest.xml:32:13-34:85
227                android:name="com.google.firebase.components:com.google.firebase.iid.Registrar"
227-->[com.google.firebase:firebase-iid:20.1.1] AndroidManifest.xml:33:17-96
228                android:value="com.google.firebase.components.ComponentRegistrar" />
228-->[com.google.firebase:firebase-iid:20.1.1] AndroidManifest.xml:34:17-82
229            <meta-data
229-->[com.google.firebase:firebase-datatransport:17.0.3] AndroidManifest.xml:28:13-30:85
230                android:name="com.google.firebase.components:com.google.firebase.datatransport.TransportRegistrar"
230-->[com.google.firebase:firebase-datatransport:17.0.3] AndroidManifest.xml:29:17-115
231                android:value="com.google.firebase.components.ComponentRegistrar" />
231-->[com.google.firebase:firebase-datatransport:17.0.3] AndroidManifest.xml:30:17-82
232            <meta-data
232-->[com.google.firebase:firebase-installations:16.0.0] AndroidManifest.xml:17:13-19:85
233                android:name="com.google.firebase.components:com.google.firebase.installations.FirebaseInstallationsRegistrar"
233-->[com.google.firebase:firebase-installations:16.0.0] AndroidManifest.xml:18:17-127
234                android:value="com.google.firebase.components.ComponentRegistrar" />
234-->[com.google.firebase:firebase-installations:16.0.0] AndroidManifest.xml:19:17-82
235        </service>
236        <!--
237             FirebaseMessagingService performs security checks at runtime,
238             but set to not exported to explicitly avoid allowing another app to call it.
239        -->
240        <service
240-->[com.google.firebase:firebase-messaging:20.1.2] AndroidManifest.xml:28:9-34:19
241            android:name="com.google.firebase.messaging.FirebaseMessagingService"
241-->[com.google.firebase:firebase-messaging:20.1.2] AndroidManifest.xml:29:13-82
242            android:exported="false" >
242-->[com.google.firebase:firebase-messaging:20.1.2] AndroidManifest.xml:30:13-37
243            <intent-filter android:priority="-500" >
243-->[com.google.firebase:firebase-messaging:20.1.2] AndroidManifest.xml:31:13-33:29
243-->[com.google.firebase:firebase-messaging:20.1.2] AndroidManifest.xml:31:28-51
244                <action android:name="com.google.firebase.MESSAGING_EVENT" />
244-->src/main/AndroidManifest.xml:121:17-78
244-->src/main/AndroidManifest.xml:121:25-75
245            </intent-filter>
246        </service>
247
248        <activity
248-->[com.google.android.gms:play-services-auth:17.0.0] AndroidManifest.xml:23:9-27:75
249            android:name="com.google.android.gms.auth.api.signin.internal.SignInHubActivity"
249-->[com.google.android.gms:play-services-auth:17.0.0] AndroidManifest.xml:24:13-93
250            android:excludeFromRecents="true"
250-->[com.google.android.gms:play-services-auth:17.0.0] AndroidManifest.xml:25:13-46
251            android:exported="false"
251-->[com.google.android.gms:play-services-auth:17.0.0] AndroidManifest.xml:26:13-37
252            android:theme="@android:style/Theme.Translucent.NoTitleBar" />
252-->[com.google.android.gms:play-services-auth:17.0.0] AndroidManifest.xml:27:13-72
253        <!--
254            Service handling Google Sign-In user revocation. For apps that do not integrate with
255            Google Sign-In, this service will never be started.
256        -->
257        <service
257-->[com.google.android.gms:play-services-auth:17.0.0] AndroidManifest.xml:33:9-36:110
258            android:name="com.google.android.gms.auth.api.signin.RevocationBoundService"
258-->[com.google.android.gms:play-services-auth:17.0.0] AndroidManifest.xml:34:13-89
259            android:exported="true"
259-->[com.google.android.gms:play-services-auth:17.0.0] AndroidManifest.xml:35:13-36
260            android:permission="com.google.android.gms.auth.api.signin.permission.REVOCATION_NOTIFICATION" />
260-->[com.google.android.gms:play-services-auth:17.0.0] AndroidManifest.xml:36:13-107
261
262        <receiver
262-->[com.google.firebase:firebase-iid:20.1.1] AndroidManifest.xml:37:9-44:20
263            android:name="com.google.firebase.iid.FirebaseInstanceIdReceiver"
263-->[com.google.firebase:firebase-iid:20.1.1] AndroidManifest.xml:38:13-78
264            android:exported="true"
264-->[com.google.firebase:firebase-iid:20.1.1] AndroidManifest.xml:39:13-36
265            android:permission="com.google.android.c2dm.permission.SEND" >
265-->[com.google.firebase:firebase-iid:20.1.1] AndroidManifest.xml:40:13-73
266            <intent-filter>
266-->[com.google.firebase:firebase-iid:20.1.1] AndroidManifest.xml:41:13-43:29
267                <action android:name="com.google.android.c2dm.intent.RECEIVE" />
267-->src/main/AndroidManifest.xml:122:17-81
267-->src/main/AndroidManifest.xml:122:25-78
268            </intent-filter>
269        </receiver>
270
271        <activity
271-->[com.google.android.gms:play-services-base:17.1.0] AndroidManifest.xml:23:9-26:75
272            android:name="com.google.android.gms.common.api.GoogleApiActivity"
272-->[com.google.android.gms:play-services-base:17.1.0] AndroidManifest.xml:24:13-79
273            android:exported="false"
273-->[com.google.android.gms:play-services-base:17.1.0] AndroidManifest.xml:25:13-37
274            android:theme="@android:style/Theme.Translucent.NoTitleBar" />
274-->[com.google.android.gms:play-services-base:17.1.0] AndroidManifest.xml:26:13-72
275
276        <receiver
276-->[com.google.android.gms:play-services-measurement:17.2.3] AndroidManifest.xml:29:9-33:20
277            android:name="com.google.android.gms.measurement.AppMeasurementReceiver"
277-->[com.google.android.gms:play-services-measurement:17.2.3] AndroidManifest.xml:30:13-85
278            android:enabled="true"
278-->[com.google.android.gms:play-services-measurement:17.2.3] AndroidManifest.xml:31:13-35
279            android:exported="false" >
279-->[com.google.android.gms:play-services-measurement:17.2.3] AndroidManifest.xml:32:13-37
280        </receiver>
281        <receiver
281-->[com.google.android.gms:play-services-measurement:17.2.3] AndroidManifest.xml:34:9-42:20
282            android:name="com.google.android.gms.measurement.AppMeasurementInstallReferrerReceiver"
282-->[com.google.android.gms:play-services-measurement:17.2.3] AndroidManifest.xml:35:13-100
283            android:enabled="true"
283-->[com.google.android.gms:play-services-measurement:17.2.3] AndroidManifest.xml:36:13-35
284            android:exported="true"
284-->[com.google.android.gms:play-services-measurement:17.2.3] AndroidManifest.xml:37:13-36
285            android:permission="android.permission.INSTALL_PACKAGES" >
285-->[com.google.android.gms:play-services-measurement:17.2.3] AndroidManifest.xml:38:13-69
286            <intent-filter>
286-->[com.google.android.gms:play-services-measurement:17.2.3] AndroidManifest.xml:39:13-41:29
287                <action android:name="com.android.vending.INSTALL_REFERRER" />
287-->[com.google.android.gms:play-services-measurement:17.2.3] AndroidManifest.xml:40:17-79
287-->[com.google.android.gms:play-services-measurement:17.2.3] AndroidManifest.xml:40:25-76
288            </intent-filter>
289        </receiver>
290
291        <service
291-->[com.google.android.gms:play-services-measurement:17.2.3] AndroidManifest.xml:44:9-47:40